The system is: Darwin - 14.0.0 - i386
Compiling the C compiler identification source file "CMakeCCompilerId.c" succeeded.
Compiler: /usr/bin/cc 
Build flags: 
Id flags: 

The output was:
0


Compilation of the C compiler identification source "CMakeCCompilerId.c" produced "a.out"

The C compiler identification is Clang, found in "/Users/yassidayyad/fair_install/ATTPCROOT_Mar_dev/build/CMakeFiles/2.8.10.2/CompilerIdC/a.out"

Compiling the CXX compiler identification source file "CMakeCXXCompilerId.cpp" succeeded.
Compiler: /usr/bin/c++ 
Build flags: 
Id flags: 

The output was:
0


Compilation of the CXX compiler identification source "CMakeCXXCompilerId.cpp" produced "a.out"

The CXX compiler identification is Clang, found in "/Users/yassidayyad/fair_install/ATTPCROOT_Mar_dev/build/CMakeFiles/2.8.10.2/CompilerIdCXX/a.out"

Determining if the C compiler works passed with the following output:
Change Dir: /Users/yassidayyad/fair_install/ATTPCROOT_Mar_dev/build/CMakeFiles/CMakeTmp

Run Build Command:/usr/bin/make "cmTryCompileExec2272421981/fast"
/Applications/Xcode.app/Contents/Developer/usr/bin/make -f CMakeFiles/cmTryCompileExec2272421981.dir/build.make CMakeFiles/cmTryCompileExec2272421981.dir/build
"/Applications/CMake 2.8-10.app/Contents/bin/cmake" -E cmake_progress_report /Users/yassidayyad/fair_install/ATTPCROOT_Mar_dev/build/CMakeFiles/CMakeTmp/CMakeFiles 1
Building C object CMakeFiles/cmTryCompileExec2272421981.dir/testCCompiler.c.o
/usr/bin/cc    -o CMakeFiles/cmTryCompileExec2272421981.dir/testCCompiler.c.o   -c /Users/yassidayyad/fair_install/ATTPCROOT_Mar_dev/build/CMakeFiles/CMakeTmp/testCCompiler.c
Linking C executable cmTryCompileExec2272421981
"/Applications/CMake 2.8-10.app/Contents/bin/cmake" -E cmake_link_script CMakeFiles/cmTryCompileExec2272421981.dir/link.txt --verbose=1
/usr/bin/cc      -Wl,-search_paths_first -Wl,-headerpad_max_install_names   CMakeFiles/cmTryCompileExec2272421981.dir/testCCompiler.c.o  -o cmTryCompileExec2272421981  


Detecting C compiler ABI info compiled with the following output:
Change Dir: /Users/yassidayyad/fair_install/ATTPCROOT_Mar_dev/build/CMakeFiles/CMakeTmp

Run Build Command:/usr/bin/make "cmTryCompileExec3987454385/fast"
/Applications/Xcode.app/Contents/Developer/usr/bin/make -f CMakeFiles/cmTryCompileExec3987454385.dir/build.make CMakeFiles/cmTryCompileExec3987454385.dir/build
"/Applications/CMake 2.8-10.app/Contents/bin/cmake" -E cmake_progress_report /Users/yassidayyad/fair_install/ATTPCROOT_Mar_dev/build/CMakeFiles/CMakeTmp/CMakeFiles 1
Building C object CMakeFiles/cmTryCompileExec3987454385.dir/CMakeCCompilerABI.c.o
/usr/bin/cc    -o CMakeFiles/cmTryCompileExec3987454385.dir/CMakeCCompilerABI.c.o   -c "/Applications/CMake 2.8-10.app/Contents/share/cmake-2.8/Modules/CMakeCCompilerABI.c"
Linking C executable cmTryCompileExec3987454385
"/Applications/CMake 2.8-10.app/Contents/bin/cmake" -E cmake_link_script CMakeFiles/cmTryCompileExec3987454385.dir/link.txt --verbose=1
/usr/bin/cc      -Wl,-search_paths_first -Wl,-headerpad_max_install_names -v CMakeFiles/cmTryCompileExec3987454385.dir/CMakeCCompilerABI.c.o  -o cmTryCompileExec3987454385   
Apple LLVM version 6.0 (clang-600.0.56) (based on LLVM 3.5svn)
Target: x86_64-apple-darwin14.0.0
Thread model: posix
 "/Applications/Xcode.app/Contents/Developer/Toolchains/XcodeDefault.xctoolchain/usr/bin/ld" -demangle -dynamic -arch x86_64 -macosx_version_min 10.10.0 -o cmTryCompileExec3987454385 -search_paths_first -headerpad_max_install_names CMakeFiles/cmTryCompileExec3987454385.dir/CMakeCCompilerABI.c.o -lSystem /Applications/Xcode.app/Contents/Developer/Toolchains/XcodeDefault.xctoolchain/usr/bin/../lib/clang/6.0/lib/darwin/libclang_rt.osx.a


Parsed C implicit link information from above output:
  link line regex: [^( *|.*[/\])(ld|ld|collect2)[^/\]*( |$)]
  ignore line: [Change Dir: /Users/yassidayyad/fair_install/ATTPCROOT_Mar_dev/build/CMakeFiles/CMakeTmp]
  ignore line: []
  ignore line: [Run Build Command:/usr/bin/make "cmTryCompileExec3987454385/fast"]
  ignore line: [/Applications/Xcode.app/Contents/Developer/usr/bin/make -f CMakeFiles/cmTryCompileExec3987454385.dir/build.make CMakeFiles/cmTryCompileExec3987454385.dir/build]
  ignore line: ["/Applications/CMake 2.8-10.app/Contents/bin/cmake" -E cmake_progress_report /Users/yassidayyad/fair_install/ATTPCROOT_Mar_dev/build/CMakeFiles/CMakeTmp/CMakeFiles 1]
  ignore line: [Building C object CMakeFiles/cmTryCompileExec3987454385.dir/CMakeCCompilerABI.c.o]
  ignore line: [/usr/bin/cc    -o CMakeFiles/cmTryCompileExec3987454385.dir/CMakeCCompilerABI.c.o   -c "/Applications/CMake 2.8-10.app/Contents/share/cmake-2.8/Modules/CMakeCCompilerABI.c"]
  ignore line: [Linking C executable cmTryCompileExec3987454385]
  ignore line: ["/Applications/CMake 2.8-10.app/Contents/bin/cmake" -E cmake_link_script CMakeFiles/cmTryCompileExec3987454385.dir/link.txt --verbose=1]
  ignore line: [/usr/bin/cc      -Wl,-search_paths_first -Wl,-headerpad_max_install_names -v CMakeFiles/cmTryCompileExec3987454385.dir/CMakeCCompilerABI.c.o  -o cmTryCompileExec3987454385   ]
  ignore line: [Apple LLVM version 6.0 (clang-600.0.56) (based on LLVM 3.5svn)]
  ignore line: [Target: x86_64-apple-darwin14.0.0]
  ignore line: [Thread model: posix]
  link line: [ "/Applications/Xcode.app/Contents/Developer/Toolchains/XcodeDefault.xctoolchain/usr/bin/ld" -demangle -dynamic -arch x86_64 -macosx_version_min 10.10.0 -o cmTryCompileExec3987454385 -search_paths_first -headerpad_max_install_names CMakeFiles/cmTryCompileExec3987454385.dir/CMakeCCompilerABI.c.o -lSystem /Applications/Xcode.app/Contents/Developer/Toolchains/XcodeDefault.xctoolchain/usr/bin/../lib/clang/6.0/lib/darwin/libclang_rt.osx.a]
    arg [/Applications/Xcode.app/Contents/Developer/Toolchains/XcodeDefault.xctoolchain/usr/bin/ld] ==> ignore
    arg [-demangle] ==> ignore
    arg [-dynamic] ==> ignore
    arg [-arch] ==> ignore
    arg [x86_64] ==> ignore
    arg [-macosx_version_min] ==> ignore
    arg [10.10.0] ==> ignore
    arg [-o] ==> ignore
    arg [cmTryCompileExec3987454385] ==> ignore
    arg [-search_paths_first] ==> ignore
    arg [-headerpad_max_install_names] ==> ignore
    arg [CMakeFiles/cmTryCompileExec3987454385.dir/CMakeCCompilerABI.c.o] ==> ignore
    arg [-lSystem] ==> lib [System]
    arg [/Applications/Xcode.app/Contents/Developer/Toolchains/XcodeDefault.xctoolchain/usr/bin/../lib/clang/6.0/lib/darwin/libclang_rt.osx.a] ==> lib [/Applications/Xcode.app/Contents/Developer/Toolchains/XcodeDefault.xctoolchain/usr/bin/../lib/clang/6.0/lib/darwin/libclang_rt.osx.a]
  remove lib [System]
  implicit libs: [/Applications/Xcode.app/Contents/Developer/Toolchains/XcodeDefault.xctoolchain/usr/bin/../lib/clang/6.0/lib/darwin/libclang_rt.osx.a]
  implicit dirs: []


Determining if the CXX compiler works passed with the following output:
Change Dir: /Users/yassidayyad/fair_install/ATTPCROOT_Mar_dev/build/CMakeFiles/CMakeTmp

Run Build Command:/usr/bin/make "cmTryCompileExec1843689041/fast"
/Applications/Xcode.app/Contents/Developer/usr/bin/make -f CMakeFiles/cmTryCompileExec1843689041.dir/build.make CMakeFiles/cmTryCompileExec1843689041.dir/build
"/Applications/CMake 2.8-10.app/Contents/bin/cmake" -E cmake_progress_report /Users/yassidayyad/fair_install/ATTPCROOT_Mar_dev/build/CMakeFiles/CMakeTmp/CMakeFiles 1
Building CXX object CMakeFiles/cmTryCompileExec1843689041.dir/testCXXCompiler.cxx.o
/usr/bin/c++     -o CMakeFiles/cmTryCompileExec1843689041.dir/testCXXCompiler.cxx.o -c /Users/yassidayyad/fair_install/ATTPCROOT_Mar_dev/build/CMakeFiles/CMakeTmp/testCXXCompiler.cxx
Linking CXX executable cmTryCompileExec1843689041
"/Applications/CMake 2.8-10.app/Contents/bin/cmake" -E cmake_link_script CMakeFiles/cmTryCompileExec1843689041.dir/link.txt --verbose=1
/usr/bin/c++       -Wl,-search_paths_first -Wl,-headerpad_max_install_names   CMakeFiles/cmTryCompileExec1843689041.dir/testCXXCompiler.cxx.o  -o cmTryCompileExec1843689041  


Detecting CXX compiler ABI info compiled with the following output:
Change Dir: /Users/yassidayyad/fair_install/ATTPCROOT_Mar_dev/build/CMakeFiles/CMakeTmp

Run Build Command:/usr/bin/make "cmTryCompileExec713481075/fast"
/Applications/Xcode.app/Contents/Developer/usr/bin/make -f CMakeFiles/cmTryCompileExec713481075.dir/build.make CMakeFiles/cmTryCompileExec713481075.dir/build
"/Applications/CMake 2.8-10.app/Contents/bin/cmake" -E cmake_progress_report /Users/yassidayyad/fair_install/ATTPCROOT_Mar_dev/build/CMakeFiles/CMakeTmp/CMakeFiles 1
Building CXX object CMakeFiles/cmTryCompileExec713481075.dir/CMakeCXXCompilerABI.cpp.o
/usr/bin/c++     -o CMakeFiles/cmTryCompileExec713481075.dir/CMakeCXXCompilerABI.cpp.o -c "/Applications/CMake 2.8-10.app/Contents/share/cmake-2.8/Modules/CMakeCXXCompilerABI.cpp"
Linking CXX executable cmTryCompileExec713481075
"/Applications/CMake 2.8-10.app/Contents/bin/cmake" -E cmake_link_script CMakeFiles/cmTryCompileExec713481075.dir/link.txt --verbose=1
/usr/bin/c++       -Wl,-search_paths_first -Wl,-headerpad_max_install_names -v CMakeFiles/cmTryCompileExec713481075.dir/CMakeCXXCompilerABI.cpp.o  -o cmTryCompileExec713481075   
Apple LLVM version 6.0 (clang-600.0.56) (based on LLVM 3.5svn)
Target: x86_64-apple-darwin14.0.0
Thread model: posix
 "/Applications/Xcode.app/Contents/Developer/Toolchains/XcodeDefault.xctoolchain/usr/bin/ld" -demangle -dynamic -arch x86_64 -macosx_version_min 10.10.0 -o cmTryCompileExec713481075 -search_paths_first -headerpad_max_install_names CMakeFiles/cmTryCompileExec713481075.dir/CMakeCXXCompilerABI.cpp.o -lc++ -lSystem /Applications/Xcode.app/Contents/Developer/Toolchains/XcodeDefault.xctoolchain/usr/bin/../lib/clang/6.0/lib/darwin/libclang_rt.osx.a


Parsed CXX implicit link information from above output:
  link line regex: [^( *|.*[/\])(ld|ld|collect2)[^/\]*( |$)]
  ignore line: [Change Dir: /Users/yassidayyad/fair_install/ATTPCROOT_Mar_dev/build/CMakeFiles/CMakeTmp]
  ignore line: []
  ignore line: [Run Build Command:/usr/bin/make "cmTryCompileExec713481075/fast"]
  ignore line: [/Applications/Xcode.app/Contents/Developer/usr/bin/make -f CMakeFiles/cmTryCompileExec713481075.dir/build.make CMakeFiles/cmTryCompileExec713481075.dir/build]
  ignore line: ["/Applications/CMake 2.8-10.app/Contents/bin/cmake" -E cmake_progress_report /Users/yassidayyad/fair_install/ATTPCROOT_Mar_dev/build/CMakeFiles/CMakeTmp/CMakeFiles 1]
  ignore line: [Building CXX object CMakeFiles/cmTryCompileExec713481075.dir/CMakeCXXCompilerABI.cpp.o]
  ignore line: [/usr/bin/c++     -o CMakeFiles/cmTryCompileExec713481075.dir/CMakeCXXCompilerABI.cpp.o -c "/Applications/CMake 2.8-10.app/Contents/share/cmake-2.8/Modules/CMakeCXXCompilerABI.cpp"]
  ignore line: [Linking CXX executable cmTryCompileExec713481075]
  ignore line: ["/Applications/CMake 2.8-10.app/Contents/bin/cmake" -E cmake_link_script CMakeFiles/cmTryCompileExec713481075.dir/link.txt --verbose=1]
  ignore line: [/usr/bin/c++       -Wl,-search_paths_first -Wl,-headerpad_max_install_names -v CMakeFiles/cmTryCompileExec713481075.dir/CMakeCXXCompilerABI.cpp.o  -o cmTryCompileExec713481075   ]
  ignore line: [Apple LLVM version 6.0 (clang-600.0.56) (based on LLVM 3.5svn)]
  ignore line: [Target: x86_64-apple-darwin14.0.0]
  ignore line: [Thread model: posix]
  link line: [ "/Applications/Xcode.app/Contents/Developer/Toolchains/XcodeDefault.xctoolchain/usr/bin/ld" -demangle -dynamic -arch x86_64 -macosx_version_min 10.10.0 -o cmTryCompileExec713481075 -search_paths_first -headerpad_max_install_names CMakeFiles/cmTryCompileExec713481075.dir/CMakeCXXCompilerABI.cpp.o -lc++ -lSystem /Applications/Xcode.app/Contents/Developer/Toolchains/XcodeDefault.xctoolchain/usr/bin/../lib/clang/6.0/lib/darwin/libclang_rt.osx.a]
    arg [/Applications/Xcode.app/Contents/Developer/Toolchains/XcodeDefault.xctoolchain/usr/bin/ld] ==> ignore
    arg [-demangle] ==> ignore
    arg [-dynamic] ==> ignore
    arg [-arch] ==> ignore
    arg [x86_64] ==> ignore
    arg [-macosx_version_min] ==> ignore
    arg [10.10.0] ==> ignore
    arg [-o] ==> ignore
    arg [cmTryCompileExec713481075] ==> ignore
    arg [-search_paths_first] ==> ignore
    arg [-headerpad_max_install_names] ==> ignore
    arg [CMakeFiles/cmTryCompileExec713481075.dir/CMakeCXXCompilerABI.cpp.o] ==> ignore
    arg [-lc++] ==> lib [c++]
    arg [-lSystem] ==> lib [System]
    arg [/Applications/Xcode.app/Contents/Developer/Toolchains/XcodeDefault.xctoolchain/usr/bin/../lib/clang/6.0/lib/darwin/libclang_rt.osx.a] ==> lib [/Applications/Xcode.app/Contents/Developer/Toolchains/XcodeDefault.xctoolchain/usr/bin/../lib/clang/6.0/lib/darwin/libclang_rt.osx.a]
  remove lib [System]
  implicit libs: [c++;/Applications/Xcode.app/Contents/Developer/Toolchains/XcodeDefault.xctoolchain/usr/bin/../lib/clang/6.0/lib/darwin/libclang_rt.osx.a]
  implicit dirs: []


Performing C++ SOURCE FILE Test _HAS_CXX11_FLAG succeded with the following output:
Change Dir: /Users/yassidayyad/fair_install/ATTPCROOT_Mar_dev/build/CMakeFiles/CMakeTmp

Run Build Command:/usr/bin/make "cmTryCompileExec492948831/fast"
/Applications/Xcode.app/Contents/Developer/usr/bin/make -f CMakeFiles/cmTryCompileExec492948831.dir/build.make CMakeFiles/cmTryCompileExec492948831.dir/build
"/Applications/CMake 2.8-10.app/Contents/bin/cmake" -E cmake_progress_report /Users/yassidayyad/fair_install/ATTPCROOT_Mar_dev/build/CMakeFiles/CMakeTmp/CMakeFiles 1
Building CXX object CMakeFiles/cmTryCompileExec492948831.dir/src.cxx.o
/usr/bin/c++    -std=c++11 -stdlib=libc++  -D_HAS_CXX11_FLAG   -std=c++11 -o CMakeFiles/cmTryCompileExec492948831.dir/src.cxx.o -c /Users/yassidayyad/fair_install/ATTPCROOT_Mar_dev/build/CMakeFiles/CMakeTmp/src.cxx
Linking CXX executable cmTryCompileExec492948831
"/Applications/CMake 2.8-10.app/Contents/bin/cmake" -E cmake_link_script CMakeFiles/cmTryCompileExec492948831.dir/link.txt --verbose=1
/usr/bin/c++     -std=c++11 -stdlib=libc++  -D_HAS_CXX11_FLAG -Wl,-search_paths_first -Wl,-headerpad_max_install_names   CMakeFiles/cmTryCompileExec492948831.dir/src.cxx.o  -o cmTryCompileExec492948831  

Source file was:
int main() { return 0;}
